app/build/outputs/logs/manifest-merger-debug-report.txt
-- Merging decision tree log ---
manifest
ADDED from src\main\AndroidManifest.xml:2:1-80:12
	package
		ADDED from src\main\AndroidManifest.xml:2:11-37
		INJECTED from src\main\AndroidManifest.xml
		INJECTED from src\main\AndroidManifest.xml
	android:versionName
		INJECTED from src\main\AndroidManifest.xml
		INJECTED from src\main\AndroidManifest.xml
	xmlns:android
		ADDED from src\main\AndroidManifest.xml:3:11-69
	android:versionCode
		INJECTED from src\main\AndroidManifest.xml
		INJECTED from src\main\AndroidManifest.xml
uses-permission#android.permission.INTERNET
ADDED from src\main\AndroidManifest.xml:5:5-66
MERGED from [com.quickblox:quickblox-android-sdk-core:2.5.1] AndroidManifest.xml:14:5-67
MERGED from [com.quickblox:quickblox-android-sdk-chat:2.5.1] AndroidManifest.xml:13:5-67
	android:name
		ADDED from src\main\AndroidManifest.xml:5:22-64
uses-permission#android.permission.WRITE_EXTERNAL_STORAGE
ADDED from src\main\AndroidManifest.xml:6:5-80
MERGED from [com.quickblox:quickblox-android-sdk-core:2.5.1] AndroidManifest.xml:21:5-81
MERGED from [com.quickblox:quickblox-android-sdk-chat:2.5.1] AndroidManifest.xml:20:5-81
	android:name
		ADDED from src\main\AndroidManifest.xml:6:22-78
uses-permission#android.permission.Read_EXTERNAL_STORAGE
ADDED from src\main\AndroidManifest.xml:7:5-79
	android:name
		ADDED from src\main\AndroidManifest.xml:7:22-77
application
ADDED from src\main\AndroidManifest.xml:9:5-78:19
MERGED from [com.android.support:design:23.1.1] AndroidManifest.xml:22:5-20
MERGED from [com.android.support:appcompat-v7:23.1.1] AndroidManifest.xml:22:5-20
MERGED from [com.android.support:support-v4:23.1.1] AndroidManifest.xml:22:5-20
	android:label
		ADDED from src\main\AndroidManifest.xml:12:9-41
	android:supportsRtl
		ADDED from src\main\AndroidManifest.xml:13:9-35
	android:allowBackup
		ADDED from src\main\AndroidManifest.xml:10:9-35
	android:icon
		ADDED from src\main\AndroidManifest.xml:11:9-42
	android:theme
		ADDED from src\main\AndroidManifest.xml:14:9-40
activity#com.au.allotedv6.MainActivity
ADDED from src\main\AndroidManifest.xml:15:9-21:20
	android:screenOrientation
		ADDED from src\main\AndroidManifest.xml:18:13-49
	android:label
		ADDED from src\main\AndroidManifest.xml:17:13-45
	android:windowSoftInputMode
		ADDED from src\main\AndroidManifest.xml:20:13-52
	android:theme
		ADDED from src\main\AndroidManifest.xml:19:13-56
	android:name
		ADDED from src\main\AndroidManifest.xml:16:13-41
activity#com.au.allotedv6.Splash
ADDED from src\main\AndroidManifest.xml:22:9-32:20
	android:screenOrientation
		ADDED from src\main\AndroidManifest.xml:25:13-49
	android:label
		ADDED from src\main\AndroidManifest.xml:24:13-45
	android:theme
		ADDED from src\main\AndroidManifest.xml:26:13-56
	android:name
		ADDED from src\main\AndroidManifest.xml:23:13-35
intent-filter#android.intent.action.MAIN+android.intent.category.LAUNCHER
ADDED from src\main\AndroidManifest.xml:27:13-31:29
action#android.intent.action.MAIN
ADDED from src\main\AndroidManifest.xml:28:17-68
	android:name
		ADDED from src\main\AndroidManifest.xml:28:25-66
category#android.intent.category.LAUNCHER
ADDED from src\main\AndroidManifest.xml:30:17-76
	android:name
		ADDED from src\main\AndroidManifest.xml:30:27-74
activity#com.au.allotedv6.ViewFreeslots
ADDED from src\main\AndroidManifest.xml:33:9-38:20
	android:label
		ADDED from src\main\AndroidManifest.xml:35:13-42
	android:parentActivityName
		ADDED from src\main\AndroidManifest.xml:36:13-55
	android:theme
		ADDED from src\main\AndroidManifest.xml:37:13-56
	android:name
		ADDED from src\main\AndroidManifest.xml:34:13-42
activity#com.au.allotedv6.contributers
ADDED from src\main\AndroidManifest.xml:39:9-48:20
	android:label
		ADDED from src\main\AndroidManifest.xml:41:13-64
	android:parentActivityName
		ADDED from src\main\AndroidManifest.xml:42:13-55
	android:windowSoftInputMode
		ADDED from src\main\AndroidManifest.xml:44:13-52
	android:theme
		ADDED from src\main\AndroidManifest.xml:43:13-44
	android:name
		ADDED from src\main\AndroidManifest.xml:40:13-41
meta-data#android.support.PARENT_ACTIVITY
ADDED from src\main\AndroidManifest.xml:45:13-47:64
	android:value
		ADDED from src\main\AndroidManifest.xml:47:17-62
	android:name
		ADDED from src\main\AndroidManifest.xml:46:17-63
activity#com.au.allotedv6.Login_Activity
ADDED from src\main\AndroidManifest.xml:49:9-53:20
	android:label
		ADDED from src\main\AndroidManifest.xml:51:13-58
	android:theme
		ADDED from src\main\AndroidManifest.xml:52:13-44
	android:name
		ADDED from src\main\AndroidManifest.xml:50:13-43
activity#com.au.allotedv6.Seleectslots
ADDED from src\main\AndroidManifest.xml:54:9-63:20
	android:screenOrientation
		ADDED from src\main\AndroidManifest.xml:58:13-50
	android:label
		ADDED from src\main\AndroidManifest.xml:56:13-64
	android:parentActivityName
		ADDED from src\main\AndroidManifest.xml:57:13-55
	android:theme
		ADDED from src\main\AndroidManifest.xml:59:13-44
	android:name
		ADDED from src\main\AndroidManifest.xml:55:13-41
activity#com.au.allotedv6.getfile
ADDED from src\main\AndroidManifest.xml:64:9-67:20
	android:label
		ADDED from src\main\AndroidManifest.xml:66:13-36
	android:name
		ADDED from src\main\AndroidManifest.xml:65:13-36
activity#com.au.allotedv6.Launch
ADDED from src\main\AndroidManifest.xml:68:9-72:20
	android:label
		ADDED from src\main\AndroidManifest.xml:70:13-58
	android:theme
		ADDED from src\main\AndroidManifest.xml:71:13-44
	android:name
		ADDED from src\main\AndroidManifest.xml:69:13-35
activity#com.au.allotedv6.Allotentmain
ADDED from src\main\AndroidManifest.xml:73:9-77:20
	android:label
		ADDED from src\main\AndroidManifest.xml:75:13-64
	android:theme
		ADDED from src\main\AndroidManifest.xml:76:13-44
	android:name
		ADDED from src\main\AndroidManifest.xml:74:13-41
uses-sdk
INJECTED from src\main\AndroidManifest.xml reason: use-sdk injection requested
MERGED from [com.android.support:design:23.1.1] AndroidManifest.xml:20:5-43
MERGED from [com.android.support:appcompat-v7:23.1.1] AndroidManifest.xml:20:5-43
MERGED from [com.android.support:recyclerview-v7:23.1.1] AndroidManifest.xml:20:5-43
MERGED from [com.android.support:support-v4:23.1.1] AndroidManifest.xml:20:5-43
MERGED from [com.quickblox:quickblox-android-sdk-core:2.5.1] AndroidManifest.xml:6:5-8:41
MERGED from [com.quickblox:quickblox-android-sdk-chat:2.5.1] AndroidManifest.xml:5:5-7:41
	android:targetSdkVersion
		INJECTED from src\main\AndroidManifest.xml
		INJECTED from src\main\AndroidManifest.xml
	android:minSdkVersion
		INJECTED from src\main\AndroidManifest.xml
		INJECTED from src\main\AndroidManifest.xml
uses-permission#android.permission.CAMERA
ADDED from [com.quickblox:quickblox-android-sdk-core:2.5.1] AndroidManifest.xml:12:5-65
MERGED from [com.quickblox:quickblox-android-sdk-chat:2.5.1] AndroidManifest.xml:11:5-65
	android:name
		ADDED from [com.quickblox:quickblox-android-sdk-core:2.5.1] AndroidManifest.xml:12:22-62
uses-permission#android.permission.FLASHLIGHT
ADDED from [com.quickblox:quickblox-android-sdk-core:2.5.1] AndroidManifest.xml:13:5-69
MERGED from [com.quickblox:quickblox-android-sdk-chat:2.5.1] AndroidManifest.xml:12:5-69
	android:name
		ADDED from [com.quickblox:quickblox-android-sdk-core:2.5.1] AndroidManifest.xml:13:22-66
uses-feature#android.hardware.camera
ADDED from [com.quickblox:quickblox-android-sdk-core:2.5.1] AndroidManifest.xml:16:5-60
MERGED from [com.quickblox:quickblox-android-sdk-chat:2.5.1] AndroidManifest.xml:15:5-60
	android:name
		ADDED from [com.quickblox:quickblox-android-sdk-core:2.5.1] AndroidManifest.xml:16:19-57
uses-feature#android.hardware.camera.autofocus
ADDED from [com.quickblox:quickblox-android-sdk-core:2.5.1] AndroidManifest.xml:17:5-70
MERGED from [com.quickblox:quickblox-android-sdk-chat:2.5.1] AndroidManifest.xml:16:5-70
	android:name
		ADDED from [com.quickblox:quickblox-android-sdk-core:2.5.1] AndroidManifest.xml:17:19-67
uses-feature#android.hardware.camera.flash
ADDED from [com.quickblox:quickblox-android-sdk-core:2.5.1] AndroidManifest.xml:18:5-66
MERGED from [com.quickblox:quickblox-android-sdk-chat:2.5.1] AndroidManifest.xml:17:5-66
	android:name
		ADDED from [com.quickblox:quickblox-android-sdk-core:2.5.1] AndroidManifest.xml:18:19-63
uses-permission#android.permission.RECORD_AUDIO
ADDED from [com.quickblox:quickblox-android-sdk-core:2.5.1] AndroidManifest.xml:20:5-71
MERGED from [com.quickblox:quickblox-android-sdk-chat:2.5.1] AndroidManifest.xml:19:5-71
	android:name
		ADDED from [com.quickblox:quickblox-android-sdk-core:2.5.1] AndroidManifest.xml:20:22-68
uses-permission#android.permission.MODIFY_AUDIO_SETTINGS
ADDED from [com.quickblox:quickblox-android-sdk-core:2.5.1] AndroidManifest.xml:22:5-80
MERGED from [com.quickblox:quickblox-android-sdk-chat:2.5.1] AndroidManifest.xml:21:5-80
	android:name
		ADDED from [com.quickblox:quickblox-android-sdk-core:2.5.1] AndroidManifest.xml:22:22-77
uses-permission#android.permission.ACCESS_NETWORK_STATE
ADDED from [com.quickblox:quickblox-android-sdk-core:2.5.1] AndroidManifest.xml:23:5-79
MERGED from [com.quickblox:quickblox-android-sdk-chat:2.5.1] AndroidManifest.xml:22:5-79
	android:name
		ADDED from [com.quickblox:quickblox-android-sdk-core:2.5.1] AndroidManifest.xml:23:22-76
android:uses-permission#android.permission.READ_EXTERNAL_STORAGE
IMPLIED from src\main\AndroidManifest.xml:2:1-80:12 reason: com.quickblox requested WRITE_EXTERNAL_STORAGE
uses-permission#android.permission.READ_PHONE_STATE
ADDED from [com.quickblox:quickblox-android-sdk-chat:2.5.1] AndroidManifest.xml:23:5-75
	android:name
		ADDED from [com.quickblox:quickblox-android-sdk-chat:2.5.1] AndroidManifest.xml:23:22-72